<?xml version="1.0" encoding="UTF-8"?>
<testsuite xmlns:xsi="http://www.w3.org/2001/XMLSchema-instance" xsi:noNamespaceSchemaLocation="https://maven.apache.org/surefire/maven-surefire-plugin/xsd/surefire-test-report-3.0.xsd" version="3.0" name="com.easyrecruit.AppTest" time="0.018" tests="1" errors="0" skipped="0" failures="0">
  <properties>
    <property name="java.specification.version" value="21"/>
    <property name="sun.cpu.isalist" value="amd64"/>
    <property name="sun.jnu.encoding" value="Cp1252"/>
    <property name="java.class.path" value="C:\Users\Iheb\Desktop\projects\tbs2\easy-recruit\modules\evaluation-module\ws-rest\target\test-classes;C:\Users\Iheb\Desktop\projects\tbs2\easy-recruit\modules\evaluation-module\ws-rest\target\classes;C:\Users\Iheb\.m2\repository\junit\junit\3.8.1\junit-3.8.1.jar;"/>
    <property name="java.vm.vendor" value="Oracle Corporation"/>
    <property name="sun.arch.data.model" value="64"/>
    <property name="user.variant" value=""/>
    <property name="java.vendor.url" value="https://java.oracle.com/"/>
    <property name="user.timezone" value="Africa/Casablanca"/>
    <property name="user.country.format" value="TN"/>
    <property name="os.name" value="Windows 11"/>
    <property name="java.vm.specification.version" value="21"/>
    <property name="sun.java.launcher" value="SUN_STANDARD"/>
    <property name="user.country" value="US"/>
    <property name="sun.boot.library.path" value="C:\java\jdk\bin"/>
    <property name="sun.java.command" value="C:\Users\Iheb\AppData\Local\Temp\surefire10999031420457811481\surefirebooter-20250111131244507_18.jar C:\Users\Iheb\AppData\Local\Temp\surefire10999031420457811481 2025-01-11T13-12-41_011-jvmRun1 surefire-20250111131244507_16tmp surefire_5-20250111131244507_17tmp"/>
    <property name="jdk.debug" value="release"/>
    <property name="surefire.test.class.path" value="C:\Users\Iheb\Desktop\projects\tbs2\easy-recruit\modules\evaluation-module\ws-rest\target\test-classes;C:\Users\Iheb\Desktop\projects\tbs2\easy-recruit\modules\evaluation-module\ws-rest\target\classes;C:\Users\Iheb\.m2\repository\junit\junit\3.8.1\junit-3.8.1.jar;"/>
    <property name="sun.cpu.endian" value="little"/>
    <property name="user.home" value="C:\Users\Iheb"/>
    <property name="user.language" value="en"/>
    <property name="java.specification.vendor" value="Oracle Corporation"/>
    <property name="java.version.date" value="2023-10-17"/>
    <property name="java.home" value="C:\java\jdk"/>
    <property name="file.separator" value="\"/>
    <property name="basedir" value="C:\Users\Iheb\Desktop\projects\tbs2\easy-recruit\modules\evaluation-module\ws-rest"/>
    <property name="java.vm.compressedOopsMode" value="Zero based"/>
    <property name="line.separator" value="&#10;"/>
    <property name="java.vm.specification.vendor" value="Oracle Corporation"/>
    <property name="java.specification.name" value="Java Platform API Specification"/>
    <property name="surefire.real.class.path" value="C:\Users\Iheb\AppData\Local\Temp\surefire10999031420457811481\surefirebooter-20250111131244507_18.jar"/>
    <property name="user.script" value=""/>
    <property name="sun.management.compiler" value="HotSpot 64-Bit Tiered Compilers"/>
    <property name="java.runtime.version" value="21.0.1+12-LTS-29"/>
    <property name="user.name" value="Iheb"/>
    <property name="stdout.encoding" value="Cp1252"/>
    <property name="path.separator" value=";"/>
    <property name="os.version" value="10.0"/>
    <property name="java.runtime.name" value="Java(TM) SE Runtime Environment"/>
    <property name="file.encoding" value="UTF-8"/>
    <property name="java.vm.name" value="Java HotSpot(TM) 64-Bit Server VM"/>
    <property name="localRepository" value="C:\Users\Iheb\.m2\repository"/>
    <property name="java.vendor.url.bug" value="https://bugreport.java.com/bugreport/"/>
    <property name="java.io.tmpdir" value="C:\Users\Iheb\AppData\Local\Temp\"/>
    <property name="java.version" value="21.0.1"/>
    <property name="user.dir" value="C:\Users\Iheb\Desktop\projects\tbs2\easy-recruit\modules\evaluation-module\ws-rest"/>
    <property name="os.arch" value="amd64"/>
    <property name="java.vm.specification.name" value="Java Virtual Machine Specification"/>
    <property name="user.language.format" value="fr"/>
    <property name="sun.os.patch.level" value=""/>
    <property name="native.encoding" value="Cp1252"/>
    <property name="java.library.path" value="C:\java\jdk\bin;C:\Windows\Sun\Java\bin;C:\Windows\system32;C:\Windows;C:\Python312\Scripts\;C:\Python312\;C:\Program Files\NVIDIA GPU Computing Toolkit\CUDA\v12.1\bin;C:\Program Files\NVIDIA GPU Computing Toolkit\CUDA\v12.1\libnvvp;C:\Program Files\Common Files\Oracle\Java\javapath;C:\Windows\system32;C:\Windows;C:\Windows\System32\Wbem;C:\Windows\System32\WindowsPowerShell\v1.0\;C:\Windows\System32\OpenSSH\;C:\Program Files\Git\cmd;C:\Program Files\NVIDIA Corporation\NVIDIA NvDLISR;C:\java\jdk\bin;C:\Program Files\Common Files\Oracle\Java\javapath;C:\Program Files\Docker\Docker\resources\bin;C:\Program Files\Microsoft SQL Server\150\Tools\Binn\;C:\Program Files\dotnet\;%HADOOP_HOME%\bin;%SPARK_HOME%\bin;C:\Graphviz\bin;C:\Program Files (x86)\NVIDIA Corporation\PhysX\Common;C:\minikube;C:\kubectl executable;%MAVEN_HOME%\bin;C:\Program Files\NVIDIA Corporation\Nsight Compute 2023.1.0\;C:\Users\Iheb\AppData\Roaming\nuts\apps\default-workspace\id\net\thevpc\nuts\nuts\0.8.3\bin;C:\Program Files\nodejs\;C:\ProgramData\chocolatey\bin;C:\Users\Iheb\AppData\Local\Programs\Python\Python311\Scripts\;C:\Users\Iheb\AppData\Local\Programs\Python\Python311\;C:\Users\Iheb\AppData\Local\Microsoft\WindowsApps;C:\Users\Iheb\AppData\Local\Programs\Microsoft VS Code\bin;C:\Program Files\JetBrains\IntelliJ IDEA 2023.2.5\bin;;C:\Program Files\JetBrains\DataSpell 2023.2.5\bin;;C:\Program Files\Tesseract-OCR;C:\Program Files\JetBrains\PyCharm 2024.1.4\bin;;C:\minikube;C:\Maven\apache-maven-3.9.9;C:\Users\Iheb\AppData\Local\Programs\Ollama;C:\Maven\apache-maven-3.9.9\bin;C:\Users\Iheb\AppData\Roaming\nuts\apps\default-workspace\id\net\thevpc\nuts\nuts\0.8.3\bin;C:\Users\Iheb\AppData\Roaming\npm;."/>
    <property name="java.vm.info" value="mixed mode, sharing"/>
    <property name="stderr.encoding" value="Cp1252"/>
    <property name="java.vendor" value="Oracle Corporation"/>
    <property name="java.vm.version" value="21.0.1+12-LTS-29"/>
    <property name="sun.io.unicode.encoding" value="UnicodeLittle"/>
    <property name="java.class.version" value="65.0"/>
  </properties>
  <testcase name="testApp" classname="com.easyrecruit.AppTest" time="0.004"/>
</testsuite>